# project  configured on Thu Jul 23 09:49:58 2015 by
# waf 1.7.11 (abi 98, python 2070af0 on darwin)
# using /usr/local/Cellar/pebble-sdk/3.1/Pebble/waf configure build
#
----------------------------------------
Setting top to
/Users/tobiaslarscheid/git/Frebble-Pebble
----------------------------------------
Setting out to
/Users/tobiaslarscheid/git/Frebble-Pebble/build
----------------------------------------
Found Pebble SDK for aplite in:
/usr/local/Cellar/pebble-sdk/3.1/Pebble/aplite
----------------------------------------
Checking for program gcc,cc
arm-none-eabi-gcc
find program=['gcc', 'cc'] paths='' var='CC' -> 'arm-none-eabi-gcc'
----------------------------------------
Checking for program ar
arm-none-eabi-ar
find program=['ar'] paths='' var='AR' -> 'arm-none-eabi-ar'
